<?xml version="1.0" encoding="UTF-8"?>
<!-- Generated by org.testng.reporters.JUnitReportReporter -->
<testsuite skipped="0" hostname="Admins-MacBook-Pro.local" name="automation.palatable.TestCases.TestCase_Sample001" tests="1" failures="0" timestamp="2020-05-29T23:51:33 IST" time="14.352" errors="0">
  <testcase name="sampleTest" time="14.352" classname="automation.palatable.TestCases.TestCase_Sample001"/>
</testsuite> <!-- automation.palatable.TestCases.TestCase_Sample001 -->
