<?xml version="1.0" encoding="UTF-8"?>
<!-- Generated by org.testng.reporters.JUnitReportReporter -->
<testsuite skipped="0" hostname="Admins-MacBook-Pro.local" name="automation.palatable.ios.TestCase_Sample001" tests="1" failures="0" timestamp="2020-05-28T01:00:08 IST" time="3.618" errors="0">
  <testcase name="sampleTest" time="3.618" classname="automation.palatable.ios.TestCase_Sample001"/>
</testsuite> <!-- automation.palatable.ios.TestCase_Sample001 -->
